<?xml version="1.0" encoding="UTF-8"?>
<!-- Generated by org.testng.reporters.JUnitReportReporter -->
<testsuite hostname="DESKTOP-SSGRRV5" failures="0" tests="3" name="com.ChartRequest.Statement.CutodianStatementTestcasesRestructure2" time="1008.201" errors="0" timestamp="2021-02-09T13:40:37 IST" skipped="2">
  <testcase classname="com.ChartRequest.Statement.CutodianStatementTestcasesRestructure2" name="verifyStatement" time="1008.201"/>
  <system-out/>
  <testcase classname="com.ChartRequest.Statement.CutodianStatementTestcasesRestructure2" name="verifyStatementPreProduction">
    <skipped/>
  </testcase> <!-- verifyStatementPreProduction -->
  <system-out/>
  <testcase classname="com.ChartRequest.Statement.CutodianStatementTestcasesRestructure2" name="verifyStatementFromStatementPage">
    <skipped/>
  </testcase> <!-- verifyStatementFromStatementPage -->
  <system-out/>
</testsuite> <!-- com.ChartRequest.Statement.CutodianStatementTestcasesRestructure2 -->
