<?xml version="1.0" encoding="UTF-8"?>
<!-- Generated by org.testng.reporters.JUnitReportReporter -->
<testsuite hostname="DESKTOP-SSGRRV5" failures="0" tests="1" name="com.ChartRequest.TestCases.AdminRetrievalDashboardTestCases" time="19.401" errors="0" timestamp="2021-02-08T07:54:37 IST" skipped="0">
  <testcase classname="com.ChartRequest.TestCases.AdminRetrievalDashboardTestCases" name="adminRetrievalDashboardQATabToolTip" time="19.401"/>
  <system-out/>
</testsuite> <!-- com.ChartRequest.TestCases.AdminRetrievalDashboardTestCases -->
