<?xml version="1.0" encoding="UTF-8"?>
<!-- Generated by org.testng.reporters.JUnitReportReporter -->
<testsuite hostname="DESKTOP-SSGRRV5" failures="0" tests="6" name="com.ChartRequest.TestCases.LoginPageTestcase" time="19.784" errors="0" timestamp="2021-02-09T14:06:47 IST" skipped="5">
  <testcase classname="com.ChartRequest.TestCases.LoginPageTestcase" name="loginWhenEmailIdAndPasswordGiven" time="19.784"/>
  <system-out/>
  <testcase classname="com.ChartRequest.TestCases.LoginPageTestcase" name="RequestStatusWithInvalidRequestID">
    <skipped/>
  </testcase> <!-- RequestStatusWithInvalidRequestID -->
  <system-out/>
  <testcase classname="com.ChartRequest.TestCases.LoginPageTestcase" name="RequestStatusWithAplhaNumericRequestID">
    <skipped/>
  </testcase> <!-- RequestStatusWithAplhaNumericRequestID -->
  <system-out/>
  <testcase classname="com.ChartRequest.TestCases.LoginPageTestcase" name="RequestStatusWithAlphabeticRequestID">
    <skipped/>
  </testcase> <!-- RequestStatusWithAlphabeticRequestID -->
  <system-out/>
  <testcase classname="com.ChartRequest.TestCases.LoginPageTestcase" name="RequestStatus">
    <skipped/>
  </testcase> <!-- RequestStatus -->
  <system-out/>
  <testcase classname="com.ChartRequest.TestCases.LoginPageTestcase" name="loginWithSSO">
    <skipped/>
  </testcase> <!-- loginWithSSO -->
  <system-out/>
</testsuite> <!-- com.ChartRequest.TestCases.LoginPageTestcase -->
