<?xml version="1.0" encoding="UTF-8"?>
<!-- Generated by org.testng.reporters.JUnitReportReporter -->
<testsuite hostname="DESKTOP-SSGRRV5" failures="0" tests="6" name="com.ChartRequest.TestCases.MyAccountNavigationPaneTestCases" time="78.250" errors="0" timestamp="2021-02-09T14:06:47 IST" skipped="2">
  <testcase classname="com.ChartRequest.TestCases.MyAccountNavigationPaneTestCases" name="changeOrganizationName" time="21.870"/>
  <system-out/>
  <testcase classname="com.ChartRequest.TestCases.MyAccountNavigationPaneTestCases" name="addNewUser" time="19.852"/>
  <system-out/>
  <testcase classname="com.ChartRequest.TestCases.MyAccountNavigationPaneTestCases" name="addNewCreditCard" time="18.567"/>
  <system-out/>
  <testcase classname="com.ChartRequest.TestCases.MyAccountNavigationPaneTestCases" name="changeOrganizationDetails" time="17.961"/>
  <system-out/>
  <testcase classname="com.ChartRequest.TestCases.MyAccountNavigationPaneTestCases" name="changedEmailID">
    <skipped/>
  </testcase> <!-- changedEmailID -->
  <system-out/>
  <testcase classname="com.ChartRequest.TestCases.MyAccountNavigationPaneTestCases" name="changedPassword">
    <skipped/>
  </testcase> <!-- changedPassword -->
  <system-out/>
</testsuite> <!-- com.ChartRequest.TestCases.MyAccountNavigationPaneTestCases -->
