<?xml version="1.0" encoding="UTF-8"?>
<!-- Generated by org.testng.reporters.JUnitReportReporter -->
<testsuite hostname="DESKTOP-SSGRRV5" failures="0" tests="2" name="com.ChartRequest.TestCases.MessagesTestCaseNavigationPaneTestCases" time="70.644" errors="0" timestamp="2021-02-09T14:06:47 IST" skipped="0">
  <testcase classname="com.ChartRequest.TestCases.MessagesTestCaseNavigationPaneTestCases" name="ReadMessageCountFromCustodian" time="45.262"/>
  <system-out/>
  <testcase classname="com.ChartRequest.TestCases.MessagesTestCaseNavigationPaneTestCases" name="chartProviderMessageCustodianToRequestor" time="25.382"/>
  <system-out/>
</testsuite> <!-- com.ChartRequest.TestCases.MessagesTestCaseNavigationPaneTestCases -->
