<?xml version="1.0" encoding="UTF-8"?>
<!-- Generated by org.testng.reporters.JUnitReportReporter -->
<testsuite hostname="DESKTOP-SSGRRV5" failures="0" tests="1" name="com.ChartRequest.TestCases.AdminDashboardPageTestCase" time="28.832" errors="0" timestamp="2021-02-09T14:06:47 IST" skipped="0">
  <testcase classname="com.ChartRequest.TestCases.AdminDashboardPageTestCase" name="verifyRequestsProcessedValue" time="28.832"/>
  <system-out/>
</testsuite> <!-- com.ChartRequest.TestCases.AdminDashboardPageTestCase -->
