<?xml version="1.0" encoding="UTF-8"?>
<!-- Generated by org.testng.reporters.JUnitReportReporter -->
<testsuite hostname="DESKTOP-SSGRRV5" failures="0" tests="5" name="com.ChartRequest.TestCases.SearchPageTestCases" time="106.956" errors="0" timestamp="2021-02-09T14:06:47 IST" skipped="0">
  <testcase classname="com.ChartRequest.TestCases.SearchPageTestCases" name="SearchByRequestIDCustodian" time="20.705"/>
  <system-out/>
  <testcase classname="com.ChartRequest.TestCases.SearchPageTestCases" name="SearchByPatientNameCustodian" time="22.380"/>
  <system-out/>
  <testcase classname="com.ChartRequest.TestCases.SearchPageTestCases" name="SearchByStatusCustodian" time="19.168"/>
  <system-out/>
  <testcase classname="com.ChartRequest.TestCases.SearchPageTestCases" name="SearchByRequestorNameCustodian" time="23.502"/>
  <system-out/>
  <testcase classname="com.ChartRequest.TestCases.SearchPageTestCases" name="SearchByReasonOfRequestCustodian" time="21.201"/>
  <system-out/>
</testsuite> <!-- com.ChartRequest.TestCases.SearchPageTestCases -->
